# JRE version: OpenJDK Runtime Environment Temurin-21.0.9+10 (21.0.9+10) (build 21.0.9+10-LTS)
# Java VM: OpenJDK 64-Bit Server VM Temurin-21.0.9+10 (21.0.9+10-LTS, mixed mode, sharing, tiered, compressed oops, compressed class ptrs, parallel gc, windows-amd64)
GC Precious Log:
 CardTable entry size: 512
 CPUs: 16 total, 16 available
 Memory: 16303M
 Large Page Support: Disabled
 NUMA Support: Disabled
 Compressed Oops: Enabled (32-bit)
 Alignments: Space 512K, Generation 512K, Heap 2M
 Heap Min Capacity: 100M
 Heap Initial Capacity: 100M
 Heap Max Capacity: 2G
 Pre-touch: Disabled
 Parallel Workers: 13
Heap:
 PSYoungGen      total 1024K, used 676K [0x00000000d5580000, 0x00000000d5800000, 0x0000000100000000)
  eden space 512K, 63% used [0x00000000d5580000,0x00000000d55d1310,0x00000000d5600000)
  from space 512K, 68% used [0x00000000d5780000,0x00000000d57d8000,0x00000000d5800000)
  to   space 512K, 0% used [0x00000000d5600000,0x00000000d5600000,0x00000000d5680000)
 ParOldGen       total 520704K, used 193979K [0x0000000080000000, 0x000000009fc80000, 0x00000000d5580000)
  object space 520704K, 37% used [0x0000000080000000,0x000000008bd6ec40,0x000000009fc80000)
 Metaspace       used 85115K, committed 86976K, reserved 1179648K
  class space    used 9894K, committed 10752K, reserved 1048576K
GC Heap History (20 events):
Event: 1705.988 GC heap before
{Heap before GC invocations=2527 (full 4):
 PSYoungGen      total 1024K, used 672K [0x00000000d5580000, 0x00000000d5800000, 0x0000000100000000)
  eden space 512K, 100% used [0x00000000d5580000,0x00000000d5600000,0x00000000d5600000)
  from space 512K, 31% used [0x00000000d5780000,0x00000000d57a8000,0x00000000d5800000)
  to   space 512K, 0% used [0x00000000d5600000,0x00000000d5600000,0x00000000d5680000)
 ParOldGen       total 520704K, used 193587K [0x0000000080000000, 0x000000009fc80000, 0x00000000d5580000)
  object space 520704K, 37% used [0x0000000080000000,0x000000008bd0cc40,0x000000009fc80000)
 Metaspace       used 85105K, committed 86976K, reserved 1179648K
  class space    used 9894K, committed 10752K, reserved 1048576K
}
Event: 1705.989 GC heap after
{Heap after GC invocations=2527 (full 4):
 PSYoungGen      total 1024K, used 320K [0x00000000d5580000, 0x00000000d5800000, 0x0000000100000000)
  eden space 512K, 0% used [0x00000000d5580000,0x00000000d5580000,0x00000000d5600000)
  from space 512K, 62% used [0x00000000d5600000,0x00000000d5650000,0x00000000d5680000)
  to   space 512K, 0% used [0x00000000d5780000,0x00000000d5780000,0x00000000d5800000)
 ParOldGen       total 520704K, used 193667K [0x0000000080000000, 0x000000009fc80000, 0x00000000d5580000)
  object space 520704K, 37% used [0x0000000080000000,0x000000008bd20c40,0x000000009fc80000)
 Metaspace       used 85105K, committed 86976K, reserved 1179648K
  class space    used 9894K, committed 10752K, reserved 1048576K
}
Event: 1706.013 GC heap before
{Heap before GC invocations=2528 (full 4):
 PSYoungGen      total 1024K, used 832K [0x00000000d5580000, 0x00000000d5800000, 0x0000000100000000)
  eden space 512K, 100% used [0x00000000d5580000,0x00000000d5600000,0x00000000d5600000)
  from space 512K, 62% used [0x00000000d5600000,0x00000000d5650000,0x00000000d5680000)
  to   space 512K, 0% used [0x00000000d5780000,0x00000000d5780000,0x00000000d5800000)
 ParOldGen       total 520704K, used 193667K [0x0000000080000000, 0x000000009fc80000, 0x00000000d5580000)
  object space 520704K, 37% used [0x0000000080000000,0x000000008bd20c40,0x000000009fc80000)
 Metaspace       used 85109K, committed 86976K, reserved 1179648K
  class space    used 9894K, committed 10752K, reserved 1048576K
}
Event: 1706.013 GC heap after
{Heap after GC invocations=2528 (full 4):
 PSYoungGen      total 1024K, used 256K [0x00000000d5580000, 0x00000000d5800000, 0x0000000100000000)
  eden space 512K, 0% used [0x00000000d5580000,0x00000000d5580000,0x00000000d5600000)
  from space 512K, 50% used [0x00000000d5780000,0x00000000d57c0000,0x00000000d5800000)
  to   space 512K, 0% used [0x00000000d5600000,0x00000000d5600000,0x00000000d5680000)
 ParOldGen       total 520704K, used 193763K [0x0000000080000000, 0x000000009fc80000, 0x00000000d5580000)
  object space 520704K, 37% used [0x0000000080000000,0x000000008bd38c40,0x000000009fc80000)
 Metaspace       used 85109K, committed 86976K, reserved 1179648K
  class space    used 9894K, committed 10752K, reserved 1048576K
}
Event: 1706.039 GC heap before
{Heap before GC invocations=2529 (full 4):
 PSYoungGen      total 1024K, used 760K [0x00000000d5580000, 0x00000000d5800000, 0x0000000100000000)
  eden space 512K, 98% used [0x00000000d5580000,0x00000000d55fe320,0x00000000d5600000)
  from space 512K, 50% used [0x00000000d5780000,0x00000000d57c0000,0x00000000d5800000)
  to   space 512K, 0% used [0x00000000d5600000,0x00000000d5600000,0x00000000d5680000)
 ParOldGen       total 520704K, used 193763K [0x0000000080000000, 0x000000009fc80000, 0x00000000d5580000)
  object space 520704K, 37% used [0x0000000080000000,0x000000008bd38c40,0x000000009fc80000)
 Metaspace       used 85110K, committed 86976K, reserved 1179648K
  class space    used 9894K, committed 10752K, reserved 1048576K
}
Event: 1706.040 GC heap after
{Heap after GC invocations=2529 (full 4):
 PSYoungGen      total 1024K, used 288K [0x00000000d5580000, 0x00000000d5800000, 0x0000000100000000)
  eden space 512K, 0% used [0x00000000d5580000,0x00000000d5580000,0x00000000d5600000)
  from space 512K, 56% used [0x00000000d5600000,0x00000000d5648000,0x00000000d5680000)
  to   space 512K, 0% used [0x00000000d5780000,0x00000000d5780000,0x00000000d5800000)
 ParOldGen       total 520704K, used 193843K [0x0000000080000000, 0x000000009fc80000, 0x00000000d5580000)
  object space 520704K, 37% used [0x0000000080000000,0x000000008bd4cc40,0x000000009fc80000)
 Metaspace       used 85110K, committed 86976K, reserved 1179648K
  class space    used 9894K, committed 10752K, reserved 1048576K
}
Event: 1800.308 GC heap before
{Heap before GC invocations=2530 (full 4):
 PSYoungGen      total 1024K, used 800K [0x00000000d5580000, 0x00000000d5800000, 0x0000000100000000)
  eden space 512K, 100% used [0x00000000d5580000,0x00000000d5600000,0x00000000d5600000)
  from space 512K, 56% used [0x00000000d5600000,0x00000000d5648000,0x00000000d5680000)
  to   space 512K, 0% used [0x00000000d5780000,0x00000000d5780000,0x00000000d5800000)
 ParOldGen       total 520704K, used 193843K [0x0000000080000000, 0x000000009fc80000, 0x00000000d5580000)
  object space 520704K, 37% used [0x0000000080000000,0x000000008bd4cc40,0x000000009fc80000)
 Metaspace       used 85113K, committed 86976K, reserved 1179648K
  class space    used 9894K, committed 10752K, reserved 1048576K
}
Event: 1800.309 GC heap after
{Heap after GC invocations=2530 (full 4):
 PSYoungGen      total 1024K, used 352K [0x00000000d5580000, 0x00000000d5800000, 0x0000000100000000)
  eden space 512K, 0% used [0x00000000d5580000,0x00000000d5580000,0x00000000d5600000)
  from space 512K, 68% used [0x00000000d5780000,0x00000000d57d8000,0x00000000d5800000)
  to   space 512K, 0% used [0x00000000d5600000,0x00000000d5600000,0x00000000d5680000)
 ParOldGen       total 520704K, used 193867K [0x0000000080000000, 0x000000009fc80000, 0x00000000d5580000)
  object space 520704K, 37% used [0x0000000080000000,0x000000008bd52c40,0x000000009fc80000)
 Metaspace       used 85113K, committed 86976K, reserved 1179648K
  class space    used 9894K, committed 10752K, reserved 1048576K
}
Event: 1830.662 GC heap before
{Heap before GC invocations=2531 (full 4):
 PSYoungGen      total 1024K, used 864K [0x00000000d5580000, 0x00000000d5800000, 0x0000000100000000)
  eden space 512K, 100% used [0x00000000d5580000,0x00000000d5600000,0x00000000d5600000)
  from space 512K, 68% used [0x00000000d5780000,0x00000000d57d8000,0x00000000d5800000)
  to   space 512K, 0% used [0x00000000d5600000,0x00000000d5600000,0x00000000d5680000)
 ParOldGen       total 520704K, used 193867K [0x0000000080000000, 0x000000009fc80000, 0x00000000d5580000)
  object space 520704K, 37% used [0x0000000080000000,0x000000008bd52c40,0x000000009fc80000)
 Metaspace       used 85113K, committed 86976K, reserved 1179648K
  class space    used 9894K, committed 10752K, reserved 1048576K
}
Event: 1830.663 GC heap after
{Heap after GC invocations=2531 (full 4):
 PSYoungGen      total 1024K, used 256K [0x00000000d5580000, 0x00000000d5800000, 0x0000000100000000)
  eden space 512K, 0% used [0x00000000d5580000,0x00000000d5580000,0x00000000d5600000)
  from space 512K, 50% used [0x00000000d5600000,0x00000000d5640000,0x00000000d5680000)
  to   space 512K, 0% used [0x00000000d5780000,0x00000000d5780000,0x00000000d5800000)
 ParOldGen       total 520704K, used 193931K [0x0000000080000000, 0x000000009fc80000, 0x00000000d5580000)
  object space 520704K, 37% used [0x0000000080000000,0x000000008bd62c40,0x000000009fc80000)
 Metaspace       used 85113K, committed 86976K, reserved 1179648K
  class space    used 9894K, committed 10752K, reserved 1048576K
}
Event: 2103.774 GC heap before
{Heap before GC invocations=2532 (full 4):
 PSYoungGen      total 1024K, used 767K [0x00000000d5580000, 0x00000000d5800000, 0x0000000100000000)
  eden space 512K, 99% used [0x00000000d5580000,0x00000000d55ffff0,0x00000000d5600000)
  from space 512K, 50% used [0x00000000d5600000,0x00000000d5640000,0x00000000d5680000)
  to   space 512K, 0% used [0x00000000d5780000,0x00000000d5780000,0x00000000d5800000)
 ParOldGen       total 520704K, used 193931K [0x0000000080000000, 0x000000009fc80000, 0x00000000d5580000)
  object space 520704K, 37% used [0x0000000080000000,0x000000008bd62c40,0x000000009fc80000)
 Metaspace       used 85113K, committed 86976K, reserved 1179648K
  class space    used 9894K, committed 10752K, reserved 1048576K
}
Event: 2103.775 GC heap after
{Heap after GC invocations=2532 (full 4):
 PSYoungGen      total 1024K, used 384K [0x00000000d5580000, 0x00000000d5800000, 0x0000000100000000)
  eden space 512K, 0% used [0x00000000d5580000,0x00000000d5580000,0x00000000d5600000)
  from space 512K, 75% used [0x00000000d5780000,0x00000000d57e0000,0x00000000d5800000)
  to   space 512K, 0% used [0x00000000d5600000,0x00000000d5600000,0x00000000d5680000)
 ParOldGen       total 520704K, used 193931K [0x0000000080000000, 0x000000009fc80000, 0x00000000d5580000)
  object space 520704K, 37% used [0x0000000080000000,0x000000008bd62c40,0x000000009fc80000)
 Metaspace       used 85113K, committed 86976K, reserved 1179648K
  class space    used 9894K, committed 10752K, reserved 1048576K
}
Event: 2175.956 GC heap before
{Heap before GC invocations=2533 (full 4):
 PSYoungGen      total 1024K, used 896K [0x00000000d5580000, 0x00000000d5800000, 0x0000000100000000)
  eden space 512K, 100% used [0x00000000d5580000,0x00000000d5600000,0x00000000d5600000)
  from space 512K, 75% used [0x00000000d5780000,0x00000000d57e0000,0x00000000d5800000)
  to   space 512K, 0% used [0x00000000d5600000,0x00000000d5600000,0x00000000d5680000)
 ParOldGen       total 520704K, used 193931K [0x0000000080000000, 0x000000009fc80000, 0x00000000d5580000)
  object space 520704K, 37% used [0x0000000080000000,0x000000008bd62c40,0x000000009fc80000)
 Metaspace       used 85113K, committed 86976K, reserved 1179648K
  class space    used 9894K, committed 10752K, reserved 1048576K
}
Event: 2175.957 GC heap after
{Heap after GC invocations=2533 (full 4):
 PSYoungGen      total 1024K, used 352K [0x00000000d5580000, 0x00000000d5800000, 0x0000000100000000)
  eden space 512K, 0% used [0x00000000d5580000,0x00000000d5580000,0x00000000d5600000)
  from space 512K, 68% used [0x00000000d5600000,0x00000000d5658000,0x00000000d5680000)
  to   space 512K, 0% used [0x00000000d5780000,0x00000000d5780000,0x00000000d5800000)
 ParOldGen       total 520704K, used 193931K [0x0000000080000000, 0x000000009fc80000, 0x00000000d5580000)
  object space 520704K, 37% used [0x0000000080000000,0x000000008bd62c40,0x000000009fc80000)
 Metaspace       used 85113K, committed 86976K, reserved 1179648K
  class space    used 9894K, committed 10752K, reserved 1048576K
}
Event: 2222.937 GC heap before
{Heap before GC invocations=2534 (full 4):
 PSYoungGen      total 1024K, used 863K [0x00000000d5580000, 0x00000000d5800000, 0x0000000100000000)
  eden space 512K, 99% used [0x00000000d5580000,0x00000000d55fffd8,0x00000000d5600000)
  from space 512K, 68% used [0x00000000d5600000,0x00000000d5658000,0x00000000d5680000)
  to   space 512K, 0% used [0x00000000d5780000,0x00000000d5780000,0x00000000d5800000)
 ParOldGen       total 520704K, used 193931K [0x0000000080000000, 0x000000009fc80000, 0x00000000d5580000)
  object space 520704K, 37% used [0x0000000080000000,0x000000008bd62c40,0x000000009fc80000)
 Metaspace       used 85115K, committed 86976K, reserved 1179648K
  class space    used 9894K, committed 10752K, reserved 1048576K
}
Event: 2222.937 GC heap after
{Heap after GC invocations=2534 (full 4):
 PSYoungGen      total 1024K, used 256K [0x00000000d5580000, 0x00000000d5800000, 0x0000000100000000)
  eden space 512K, 0% used [0x00000000d5580000,0x00000000d5580000,0x00000000d5600000)
  from space 512K, 50% used [0x00000000d5780000,0x00000000d57c0000,0x00000000d5800000)
  to   space 512K, 0% used [0x00000000d5600000,0x00000000d5600000,0x00000000d5680000)
 ParOldGen       total 520704K, used 193947K [0x0000000080000000, 0x000000009fc80000, 0x00000000d5580000)
  object space 520704K, 37% used [0x0000000080000000,0x000000008bd66c40,0x000000009fc80000)
 Metaspace       used 85115K, committed 86976K, reserved 1179648K
  class space    used 9894K, committed 10752K, reserved 1048576K
}
Event: 2249.598 GC heap before
{Heap before GC invocations=2535 (full 4):
 PSYoungGen      total 1024K, used 768K [0x00000000d5580000, 0x00000000d5800000, 0x0000000100000000)
  eden space 512K, 100% used [0x00000000d5580000,0x00000000d5600000,0x00000000d5600000)
  from space 512K, 50% used [0x00000000d5780000,0x00000000d57c0000,0x00000000d5800000)
  to   space 512K, 0% used [0x00000000d5600000,0x00000000d5600000,0x00000000d5680000)
 ParOldGen       total 520704K, used 193947K [0x0000000080000000, 0x000000009fc80000, 0x00000000d5580000)
  object space 520704K, 37% used [0x0000000080000000,0x000000008bd66c40,0x000000009fc80000)
 Metaspace       used 85115K, committed 86976K, reserved 1179648K
  class space    used 9894K, committed 10752K, reserved 1048576K
}
Event: 2249.599 GC heap after
{Heap after GC invocations=2535 (full 4):
 PSYoungGen      total 1024K, used 288K [0x00000000d5580000, 0x00000000d5800000, 0x0000000100000000)
  eden space 512K, 0% used [0x00000000d5580000,0x00000000d5580000,0x00000000d5600000)
  from space 512K, 56% used [0x00000000d5600000,0x00000000d5648000,0x00000000d5680000)
  to   space 512K, 0% used [0x00000000d5780000,0x00000000d5780000,0x00000000d5800000)
 ParOldGen       total 520704K, used 193979K [0x0000000080000000, 0x000000009fc80000, 0x00000000d5580000)
  object space 520704K, 37% used [0x0000000080000000,0x000000008bd6ec40,0x000000009fc80000)
 Metaspace       used 85115K, committed 86976K, reserved 1179648K
  class space    used 9894K, committed 10752K, reserved 1048576K
}
Event: 2411.230 GC heap before
{Heap before GC invocations=2536 (full 4):
 PSYoungGen      total 1024K, used 800K [0x00000000d5580000, 0x00000000d5800000, 0x0000000100000000)
  eden space 512K, 100% used [0x00000000d5580000,0x00000000d5600000,0x00000000d5600000)
  from space 512K, 56% used [0x00000000d5600000,0x00000000d5648000,0x00000000d5680000)
  to   space 512K, 0% used [0x00000000d5780000,0x00000000d5780000,0x00000000d5800000)
 ParOldGen       total 520704K, used 193979K [0x0000000080000000, 0x000000009fc80000, 0x00000000d5580000)
  object space 520704K, 37% used [0x0000000080000000,0x000000008bd6ec40,0x000000009fc80000)
 Metaspace       used 85115K, committed 86976K, reserved 1179648K
  class space    used 9894K, committed 10752K, reserved 1048576K
}
Event: 2411.520 GC heap after
{Heap after GC invocations=2536 (full 4):
 PSYoungGen      total 1024K, used 352K [0x00000000d5580000, 0x00000000d5800000, 0x0000000100000000)
  eden space 512K, 0% used [0x00000000d5580000,0x00000000d5580000,0x00000000d5600000)
  from space 512K, 68% used [0x00000000d5780000,0x00000000d57d8000,0x00000000d5800000)
  to   space 512K, 0% used [0x00000000d5600000,0x00000000d5600000,0x00000000d5680000)
 ParOldGen       total 520704K, used 193979K [0x0000000080000000, 0x000000009fc80000, 0x00000000d5580000)
  object space 520704K, 37% used [0x0000000080000000,0x000000008bd6ec40,0x000000009fc80000)
 Metaspace       used 85115K, committed 86976K, reserved 1179648K
  class space    used 9894K, committed 10752K, reserved 1048576K
}

