To honour the JVM settings for this build a single-use Daemon process will be forked. For more on this, please refer to https://docs.gradle.org/8.14.3/userguide/gradle_daemon.html#sec:disabling_the_daemon in the Gradle documentation.
Daemon will be stopped at the end of the build 
> Task :gradle-plugin:settings-plugin:checkKotlinGradlePluginConfigurationErrors SKIPPED
> Task :gradle-plugin:shared:checkKotlinGradlePluginConfigurationErrors SKIPPED
> Task :gradle-plugin:shared:compileKotlin UP-TO-DATE
> Task :gradle-plugin:shared:compileJava NO-SOURCE
> Task :gradle-plugin:shared:processResources NO-SOURCE
> Task :gradle-plugin:shared:classes UP-TO-DATE
> Task :gradle-plugin:shared:jar UP-TO-DATE
> Task :gradle-plugin:settings-plugin:compileKotlin UP-TO-DATE
> Task :gradle-plugin:settings-plugin:compileJava NO-SOURCE
> Task :gradle-plugin:settings-plugin:pluginDescriptors UP-TO-DATE
> Task :gradle-plugin:settings-plugin:processResources UP-TO-DATE
> Task :gradle-plugin:settings-plugin:classes UP-TO-DATE
> Task :gradle-plugin:settings-plugin:jar UP-TO-DATE
> Task :gradle-plugin:react-native-gradle-plugin:checkKotlinGradlePluginConfigurationErrors SKIPPED
> Task :gradle-plugin:react-native-gradle-plugin:compileKotlin UP-TO-DATE
> Task :gradle-plugin:react-native-gradle-plugin:compileJava NO-SOURCE
> Task :gradle-plugin:react-native-gradle-plugin:pluginDescriptors UP-TO-DATE
> Task :gradle-plugin:react-native-gradle-plugin:processResources UP-TO-DATE
> Task :gradle-plugin:react-native-gradle-plugin:classes UP-TO-DATE
> Task :gradle-plugin:react-native-gradle-plugin:jar UP-TO-DATE

> Configure project :app
Signing with: my-upload-key.keystore

> Configure project :notifee_react-native
:notifee_react-native @notifee/react-native found at C:\Users\Ahmed\AndroidStudioProjects\MyApp1\MyApp1ReactNative\node_modules\@notifee\react-native
:notifee_react-native package.json found at C:\Users\Ahmed\AndroidStudioProjects\MyApp1\MyApp1ReactNative\node_modules\@notifee\react-native\package.json
:notifee_react-native:version set from package.json: 9.1.8 (9,1,8 - 9001008)
:notifee_react-native:android.compileSdk using custom value: 36
:notifee_react-native:android.targetSdk using custom value: 36
:notifee_react-native:android.minSdk using custom value: 24
:notifee_react-native:reactNativeAndroidDir C:\Users\Ahmed\AndroidStudioProjects\MyApp1\MyApp1ReactNative\node_modules\react-native

> Configure project :react-native-firebase_app
:react-native-firebase_app package.json found at C:\Users\Ahmed\AndroidStudioProjects\MyApp1\MyApp1ReactNative\node_modules\@react-native-firebase\app\package.json
:react-native-firebase_app:firebase.bom using default value: 33.16.0
:react-native-firebase_app:play.play-services-auth using default value: 21.3.0
:react-native-firebase_app package.json found at C:\Users\Ahmed\AndroidStudioProjects\MyApp1\MyApp1ReactNative\node_modules\@react-native-firebase\app\package.json
:react-native-firebase_app:version set from package.json: 22.4.0 (22,4,0 - 22004000)
:react-native-firebase_app:android.compileSdk using custom value: 36
:react-native-firebase_app:android.targetSdk using custom value: 36
:react-native-firebase_app:android.minSdk using custom value: 24
:react-native-firebase_app:reactNativeAndroidDir C:\Users\Ahmed\AndroidStudioProjects\MyApp1\MyApp1ReactNative\node_modules\react-native

> Configure project :react-native-firebase_messaging
:react-native-firebase_messaging package.json found at C:\Users\Ahmed\AndroidStudioProjects\MyApp1\MyApp1ReactNative\node_modules\@react-native-firebase\messaging\package.json
:react-native-firebase_app package.json found at C:\Users\Ahmed\AndroidStudioProjects\MyApp1\MyApp1ReactNative\node_modules\@react-native-firebase\app\package.json
:react-native-firebase_messaging:firebase.bom using default value: 33.16.0
:react-native-firebase_messaging package.json found at C:\Users\Ahmed\AndroidStudioProjects\MyApp1\MyApp1ReactNative\node_modules\@react-native-firebase\messaging\package.json
:react-native-firebase_messaging:version set from package.json: 22.4.0 (22,4,0 - 22004000)
:react-native-firebase_messaging:android.compileSdk using custom value: 36
:react-native-firebase_messaging:android.targetSdk using custom value: 36
:react-native-firebase_messaging:android.minSdk using custom value: 24
:react-native-firebase_messaging:reactNativeAndroidDir C:\Users\Ahmed\AndroidStudioProjects\MyApp1\MyApp1ReactNative\node_modules\react-native

> Task :app:createBundleReleaseJsAndAssets

                        ▒▒▓▓▓▓▒▒
                     ▒▓▓▓▒▒░░▒▒▓▓▓▒
                  ▒▓▓▓▓░░░▒▒▒▒░░░▓▓▓▓▒
                 ▓▓▒▒▒▓▓▓▓▓▓▓▓▓▓▓▓▒▒▒▓▓
                 ▓▓░░░░░▒▓▓▓▓▓▓▒░░░░░▓▓
                 ▓▓░░▓▓▒░░░▒▒░░░▒▓▒░░▓▓
                 ▓▓░░▓▓▓▓▓▒▒▒▒▓▓▓▓▒░░▓▓
                 ▓▓░░▓▓▓▓▓▓▓▓▓▓▓▓▓▒░░▓▓
                 ▓▓▒░░▒▒▓▓▓▓▓▓▓▓▒░░░▒▓▓
                  ▒▓▓▓▒░░░▒▓▓▒░░░▒▓▓▓▒
                     ▒▓▓▓▒░░░░▒▓▓▓▒
                        ▒▒▓▓▓▓▒▒


 WARN  the transform cache was reset.
                Welcome to Metro v0.83.1
              Fast - Scalable - Integrated


LOG:Writing bundle output to: android\app\build\generated\assets\createBundleReleaseJsAndAssets\index.android.bundle
LOG:Writing sourcemap output to: android\app\build\intermediates\sourcemaps\react\release\index.android.bundle.packager.map
LOG:Done writing bundle output
LOG:Done writing sourcemap output
Copying 21 asset files
Done copying assets
node:fs:2425
    return binding.writeFileUtf8(
                   ^

Error: ENOENT: no such file or directory, open 'C:\Users\Ahmed\AndroidStudioProjects\MyApp1\MyApp1ReactNative\android\app\build\generated\sourcemaps\react\release\index.android.bundle.map'
    at Object.writeFileSync (node:fs:2425:20)
    at Object.<anonymous> (C:\Users\Ahmed\AndroidStudioProjects\MyApp1\MyApp1ReactNative\node_modules\react-native\scripts\compose-source-maps.js:63:8)
    at Module._compile (node:internal/modules/cjs/loader:1706:14)
    at Object..js (node:internal/modules/cjs/loader:1839:10)
    at Module.load (node:internal/modules/cjs/loader:1441:32)
    at Function._load (node:internal/modules/cjs/loader:1263:12)
    at TracingChannel.traceSync (node:diagnostics_channel:322:14)
    at wrapModuleLoad (node:internal/modules/cjs/loader:237:24)
    at Function.executeUserEntryPoint [as runMain] (node:internal/modules/run_main:171:5)
    at node:internal/main/run_main_module:36:49 {
  errno: -4058,
  code: 'ENOENT',
  syscall: 'open',
  path: 'C:\\Users\\Ahmed\\AndroidStudioProjects\\MyApp1\\MyApp1ReactNative\\android\\app\\build\\generated\\sourcemaps\\react\\release\\index.android.bundle.map'
}

Node.js v22.19.0

> Task :app:createBundleReleaseJsAndAssets FAILED

[Incubating] Problems report is available at: file:///C:/Users/Ahmed/AndroidStudioProjects/MyApp1/MyApp1ReactNative/android/build/reports/problems/problems-report.html

FAILURE: Build failed with an exception.

* What went wrong:
Execution failed for task ':app:createBundleReleaseJsAndAssets'.
> Process 'command 'cmd'' finished with non-zero exit value ١

* Try:
> Run with --stacktrace option to get the stack trace.
> Run with --info or --debug option to get more log output.
> Run with --scan to get full insights.
> Get more help at https://help.gradle.org.

Deprecated Gradle features were used in this build, making it incompatible with Gradle 9.0.

You can use '--warning-mode all' to show the individual deprecation warnings and determine if they come from your own scripts or plugins.

For more on this, please refer to https://docs.gradle.org/8.14.3/userguide/command_line_interface.html#sec:command_line_warnings in the Gradle documentation.

BUILD FAILED in 1m 12s
١١ actionable tasks: ١ executed, ١٠ up-to-date
